[debug] ----------------------------------------------------------------------
[debug] Command:      /usr/local/Cellar/node/6.8.1/bin/node /usr/local/bin/firebase deploy
[debug] CLI Version:  3.1.0
[debug] Platform:     darwin
[debug] Node Version: v6.8.1
[debug] Time:         Sun Jan 08 2017 19:22:17 GMT-0700 (MST)
[debug] ----------------------------------------------------------------------
[debug] 
[debug] > command requires scopes: ["email","openid","https://www.googleapis.com/auth/cloudplatformprojects.readonly","https://www.googleapis.com/auth/firebase"]
[debug] >>> HTTP REQUEST GET https://admin.firebase.com/v1/projects/spot-ninja 
[debug] <<< HTTP RESPONSE 200
[debug] >>> HTTP REQUEST GET https://admin.firebase.com/v1/database/spot-ninja/tokens 
[debug] <<< HTTP RESPONSE 200
[info] 
[info] === Deploying to 'spot-ninja'...
[info] 
[info] i  deploying hosting
[info] ✔  database: rules ready to deploy.
[info] i  hosting: preparing . directory for upload...
[debug] >>> HTTP REQUEST PUT https://deploy.firebase.com/v1/hosting/spot-ninja/uploads/-Ka018Aw0zo7SaFw7SCU?fileCount=634&message= 
